<?xml version="1.0" encoding="UTF-8"?>
<!-- Generated by org.testng.reporters.JUnitReportReporter -->
<testsuite skipped="0" hostname="LAPTOP-7NC8C0E5" name="com.tests.SearchTest" tests="1" failures="0" timestamp="10 Mar 2020 14:24:20 GMT" time="89.877" errors="0">
  <testcase name="test1" time="89.877" classname="com.tests.SearchTest"/>
</testsuite> <!-- com.tests.SearchTest -->
